
                 *********************************************
                 *                                           *
                 *             A I M - S p i c e             *
                 *                                           *
                 *         Professional Version 2018.100           *
                 *                                           *
                 *********************************************

	Date: Tue Oct  2 16:38:17 2018
	Circuit File: C:\Users\Bruker\Documents\6_semester\Design_av_IC\Øving_3\Excercise_3.cir
	Analysis: DC Transfer Curves

**************************  Circuit Description  **************************

     1:  Oppgave 1c
     2:  
     3:  *vdd1 t1 0 dc 1.8v
     4:  *vdd2 t2 0 dc 1.8v
     5:  *R1 t1 vx 122.4k
     6:  *MN1 vx vx 0 0 NMOS L=1U W=5U
     7:  *MN2 t2 vx 0 0 NMOS L=1U W=5U
     8:  
     9:  
    10:  *.include C:\Users\Bruker\Documents\6_semester\Design_av_IC\Øving_3\p18_cmos_models_ss.inc
    11:  *.include C:\Users\Bruker\Documents\6_semester\Design_av_IC\Øving_3\p18_cmos_models_ff.inc
    12:  *include C:\Users\Bruker\Documents\6_semester\Design_av_IC\Øving_3\p18_cmos_models_tt.inc
    13:  .param proc_delta = 1
    14:  .param vt_shift = 0
    15:  *include p18_model_card.inc
    16:  * p18 model card
    17:  .MODEL NMOS NMOS  								
    18:  + VERSION	=	3.1						
    19:  + LEVEL	=	49	NOIMOD	=	1	TNOM	=	2.70E+01
    20:  + TOX	=	'4.1E-9/proc_delta'	XJ	=	1.00E-07	NCH	=	2.33E+17
    21:  + VTH0	=	'0.36+vt_shift'	K1	=	5.84E-01	K2	=	4.14E-03
    22:  + K3	=	1.01E-03	K3B	=	2.20E+00	W0	=	1.00E-07
    23:  + NLX	=	1.81E-07	DVT0W	=	0.00E+00	DVT1W	=	0.00E+00
    24:  + DVT2W	=	0.00E+00	DVT0	=	1.73E+00	DVT1	=	4.38E-01
    25:  + DVT2	=	-3.70E-04	U0	=	'260*proc_delta*proc_delta'	UA	=	-1.38E-09
    26:  + UB	=	2.26E-18	UC	=	5.46E-11	VSAT	=	1.03E+05
    27:  + A0	=	1.92E+00	AGS	=	4.20E-01	B0	=	-1.52E-09
    28:  + B1	=	-9.92E-08	KETA	=	-7.16E-03	A1	=	6.61E-04
    29:  + A2	=	8.89E-01	RDSW	=	1.12E+02	PRWG	=	4.92E-01
    30:  + PRWB	=	-2.02E-01	WR	=	1.00E+00	WINT	=	7.12E-09
    31:  + LINT	=	1.12E-08	XL	=	-2.00E-08	XW	=	-1.00E-08
    32:  + DWG	=	-3.82E-09	DWB	=	8.63E-09	VOFF	=	-8.82E-02
    33:  + NFACTOR	=	2.30E+00	CIT	=	0.00E+00	CDSC	=	2.40E-04
    34:  + CDSCD	=	0.00E+00	CDSCB	=	0.00E+00	ETA0	=	3.13E-03
    35:  + ETAB	=	1.00E+00	DSUB	=	2.25E-02	PCLM	=	7.20E-01
    36:  + PDIBLC1	=	2.15E-01	PDIBLC2	=	2.23E-03	PDIBLCB	=	1.00E-01
    37:  + DROUT	=	8.01E-01	PSCBE1	=	5.44E+08	PSCBE2	=	1.00E-03
    38:  + PVAG	=	1.00E-12	DELTA	=	1.00E-02	RSH	=	6.78E+00
    39:  + MOBMOD	=	1.00E+00	PRT	=	0.00E+00	UTE	=	-1.50E+00
    40:  + KT1	=	-1.10E-01	KT1L	=	0.00E+00	KT2	=	2.19E-02
    41:  + UA1	=	4.28E-09	UB1	=	-7.62E-18	UC1	=	-5.57E-11
    42:  + AT	=	3.30E+04	WL	=	0.00E+00	WLN	=	1.00E+00
    43:  + WW	=	0.00E+00	WWN	=	1.00E+00	WWL	=	0.00E+00
    44:  + LL	=	0.00E+00	LLN	=	1.00E+00	LW	=	0.00E+00
    45:  + LWN	=	1.00E+00	LWL	=	0.00E+00	CAPMOD	=	2.00E+00
    46:  + XPART	=	5.00E-01	CGDO	=	6.98E-10	CGSO	=	7.03E-10
    47:  + CGBO	=	1.00E-12	CJ	=	'9.8e-4/proc_delta'	PB	=	7.34E-01
    48:  + MJ	=	3.63E-01	CJSW	=	'2.4e-10/proc_delta'	PBSW	=	4.71E-01
    49:  + MJSW	=	1.00E-01	CJSWG	=	3.29E-10	PBSWG	=	4.66E-01
    50:  + MJSWG	=	1.00E-01	CF	=	0.00E+00	PVTH0	=	-7.16E-04
    51:  + PRDSW	=	-6.66E-01	PK2	=	5.92E-04	WKETA	=	2.14E-04
    52:  + LKETA	=	-1.51E-02	PU0	=	3.36E+00	PUA	=	-1.31E-11
    53:  + PUB	=	0.00E+00	PVSAT	=	1.25E+03	PETA0	=	1.00E-04
    54:  + PKETA	=	6.45E-04	KF	=	4.46E-29			
    55:  								
    56:  .MODEL PMOS PMOS  								
    57:  + VERSION	=	3.1						
    58:  + LEVEL	=	49	NOIMOD	=	1			
    59:  + TNOM	=	2.70E+01	TOX	=	'4.1E-9/proc_delta'	XJ	=	1.00E-07
    60:  + NCH	=	4.12E+17	VTH0	=	'-0.39-vt_shift'	K1	=	5.50E-01
    61:  + K2	=	3.50E-02	K3	=	0.00E+00	K3B	=	1.20E+01
    62:  + W0	=	1.00E-06	NLX	=	1.25E-07	DVT0W	=	0.00E+00
    63:  + DVT1W	=	0.00E+00	DVT2W	=	0.00E+00	DVT0	=	5.53E-01
    64:  + DVT1	=	2.46E-01	DVT2	=	1.00E-01	U0	=	'110*proc_delta*proc_delta'
    65:  + UA	=	1.44E-09	UB	=	2.29E-21	UC	=	-1.00E-10
    66:  + VSAT	=	1.95E+05	A0	=	1.72E+00	AGS	=	3.80E-01
    67:  + B0	=	5.87E-07	B1	=	1.44E-06	KETA	=	2.21E-02
    68:  + A1	=	4.66E-01	A2	=	3.00E-01	RDSW	=	3.11E+02
    69:  + PRWG	=	5.00E-01	PRWB	=	1.64E-02	WR	=	1.00E+00
    70:  + WINT	=	0.00E+00	LINT	=	2.00E-08	XL	=	-2.00E-08
    71:  + XW	=	-1.00E-08	DWG	=	-3.49E-08	DWB	=	1.22E-09
    72:  + VOFF	=	-9.80E-02	NFACTOR	=	2.00E+00	CIT	=	0.00E+00
    73:  + CDSC	=	2.40E-04	CDSCD	=	0.00E+00	CDSCB	=	0.00E+00
    74:  + ETA0	=	1.12E-03	ETAB	=	-4.79E-04	DSUB	=	1.60E-03
    75:  + PCLM	=	1.50E+00	PDIBLC1	=	3.00E-02	PDIBLC2	=	-1.01E-05
    76:  + PDIBLCB	=	1.00E-01	DROUT	=	1.56E-03	PSCBE1	=	4.91E+09
    77:  + PSCBE2	=	1.64E-09	PVAG	=	3.48E+00	DELTA	=	1.00E-02
    78:  + RSH	=	7.69E+00	MOBMOD	=	1.00E+00	PRT	=	0.00E+00
    79:  + UTE	=	-1.49E+00	KT1	=	-1.09E-01	KT1L	=	0.00E+00
    80:  + KT2	=	2.18E-02	UA1	=	4.27E-09	UB1	=	-7.68E-18
    81:  + UC1	=	-5.57E-11	AT	=	3.31E+04	WL	=	0.00E+00
    82:  + WLN	=	1.00E+00	WW	=	0.00E+00	WWN	=	1.00E+00
    83:  + WWL	=	0.00E+00	LL	=	0.00E+00	LLN	=	1.00E+00
    84:  + LW	=	0.00E+00	LWN	=	1.00E+00	LWL	=	0.00E+00
    85:  + CAPMOD	=	2.00E+00	XPART	=	5.00E-01	CGDO	=	6.88E-10
    86:  + CGSO	=	6.85E-10	CGBO	=	1.00E-12	CJ	=	'1.2e-3/proc_delta'
    87:  + PB	=	8.70E-01	MJ	=	4.20E-01	CJSW	=	'2.4e-10/proc_delta'
    88:  + PBSW	=	8.00E-01	MJSW	=	3.57E-01	CJSWG	=	4.24E-10
    89:  + PBSWG	=	8.00E-01	MJSWG	=	3.56E-01	CF	=	0.00E+00
    90:  + PVTH0	=	3.53E-03	PRDSW	=	1.02E+01	PK2	=	3.35E-03
    91:  + WKETA	=	3.52E-02	LKETA	=	-2.06E-03	PU0	=	-2.19E+00
    92:  + PUA	=	-7.63E-11	PUB	=	9.91E-22	PVSAT	=	5.00E+01
    93:  + PKETA	=	-6.41E-03	KF	=	1.29E-29	PETA0	=	7.31E-05
    94:  
    95:  *end of: p18_model_card.inc
    96:  *end of: C:\Users\Bruker\Documents\6_semester\Design_av_IC\Øving_3\p18_cmos_models_tt.inc
    97:  
    98:  *include C:\Users\Bruker\Documents\6_semester\Design_av_IC\Øving_3\p18_model_card.inc
    99:  * p18 model card
   100:  .MODEL NMOS NMOS  								
   101:  + VERSION	=	3.1						
   102:  + LEVEL	=	49	NOIMOD	=	1	TNOM	=	2.70E+01
   103:  + TOX	=	'4.1E-9/proc_delta'	XJ	=	1.00E-07	NCH	=	2.33E+17
   104:  + VTH0	=	'0.36+vt_shift'	K1	=	5.84E-01	K2	=	4.14E-03
   105:  + K3	=	1.01E-03	K3B	=	2.20E+00	W0	=	1.00E-07
   106:  + NLX	=	1.81E-07	DVT0W	=	0.00E+00	DVT1W	=	0.00E+00
   107:  + DVT2W	=	0.00E+00	DVT0	=	1.73E+00	DVT1	=	4.38E-01
   108:  + DVT2	=	-3.70E-04	U0	=	'260*proc_delta*proc_delta'	UA	=	-1.38E-09
   109:  + UB	=	2.26E-18	UC	=	5.46E-11	VSAT	=	1.03E+05
   110:  + A0	=	1.92E+00	AGS	=	4.20E-01	B0	=	-1.52E-09
   111:  + B1	=	-9.92E-08	KETA	=	-7.16E-03	A1	=	6.61E-04
   112:  + A2	=	8.89E-01	RDSW	=	1.12E+02	PRWG	=	4.92E-01
   113:  + PRWB	=	-2.02E-01	WR	=	1.00E+00	WINT	=	7.12E-09
   114:  + LINT	=	1.12E-08	XL	=	-2.00E-08	XW	=	-1.00E-08
   115:  + DWG	=	-3.82E-09	DWB	=	8.63E-09	VOFF	=	-8.82E-02
   116:  + NFACTOR	=	2.30E+00	CIT	=	0.00E+00	CDSC	=	2.40E-04
   117:  + CDSCD	=	0.00E+00	CDSCB	=	0.00E+00	ETA0	=	3.13E-03
   118:  + ETAB	=	1.00E+00	DSUB	=	2.25E-02	PCLM	=	7.20E-01
   119:  + PDIBLC1	=	2.15E-01	PDIBLC2	=	2.23E-03	PDIBLCB	=	1.00E-01
   120:  + DROUT	=	8.01E-01	PSCBE1	=	5.44E+08	PSCBE2	=	1.00E-03
   121:  + PVAG	=	1.00E-12	DELTA	=	1.00E-02	RSH	=	6.78E+00
   122:  + MOBMOD	=	1.00E+00	PRT	=	0.00E+00	UTE	=	-1.50E+00
   123:  + KT1	=	-1.10E-01	KT1L	=	0.00E+00	KT2	=	2.19E-02
   124:  + UA1	=	4.28E-09	UB1	=	-7.62E-18	UC1	=	-5.57E-11
   125:  + AT	=	3.30E+04	WL	=	0.00E+00	WLN	=	1.00E+00
   126:  + WW	=	0.00E+00	WWN	=	1.00E+00	WWL	=	0.00E+00
   127:  + LL	=	0.00E+00	LLN	=	1.00E+00	LW	=	0.00E+00
   128:  + LWN	=	1.00E+00	LWL	=	0.00E+00	CAPMOD	=	2.00E+00
   129:  + XPART	=	5.00E-01	CGDO	=	6.98E-10	CGSO	=	7.03E-10
   130:  + CGBO	=	1.00E-12	CJ	=	'9.8e-4/proc_delta'	PB	=	7.34E-01
   131:  + MJ	=	3.63E-01	CJSW	=	'2.4e-10/proc_delta'	PBSW	=	4.71E-01
   132:  + MJSW	=	1.00E-01	CJSWG	=	3.29E-10	PBSWG	=	4.66E-01
   133:  + MJSWG	=	1.00E-01	CF	=	0.00E+00	PVTH0	=	-7.16E-04
   134:  + PRDSW	=	-6.66E-01	PK2	=	5.92E-04	WKETA	=	2.14E-04
   135:  + LKETA	=	-1.51E-02	PU0	=	3.36E+00	PUA	=	-1.31E-11
   136:  + PUB	=	0.00E+00	PVSAT	=	1.25E+03	PETA0	=	1.00E-04
   137:  + PKETA	=	6.45E-04	KF	=	4.46E-29			
   138:  								
   139:  .MODEL PMOS PMOS  								
   140:  + VERSION	=	3.1						
   141:  + LEVEL	=	49	NOIMOD	=	1			
   142:  + TNOM	=	2.70E+01	TOX	=	'4.1E-9/proc_delta'	XJ	=	1.00E-07
   143:  + NCH	=	4.12E+17	VTH0	=	'-0.39-vt_shift'	K1	=	5.50E-01
   144:  + K2	=	3.50E-02	K3	=	0.00E+00	K3B	=	1.20E+01
   145:  + W0	=	1.00E-06	NLX	=	1.25E-07	DVT0W	=	0.00E+00
   146:  + DVT1W	=	0.00E+00	DVT2W	=	0.00E+00	DVT0	=	5.53E-01
   147:  + DVT1	=	2.46E-01	DVT2	=	1.00E-01	U0	=	'110*proc_delta*proc_delta'
   148:  + UA	=	1.44E-09	UB	=	2.29E-21	UC	=	-1.00E-10
   149:  + VSAT	=	1.95E+05	A0	=	1.72E+00	AGS	=	3.80E-01
   150:  + B0	=	5.87E-07	B1	=	1.44E-06	KETA	=	2.21E-02
   151:  + A1	=	4.66E-01	A2	=	3.00E-01	RDSW	=	3.11E+02
   152:  + PRWG	=	5.00E-01	PRWB	=	1.64E-02	WR	=	1.00E+00
   153:  + WINT	=	0.00E+00	LINT	=	2.00E-08	XL	=	-2.00E-08
   154:  + XW	=	-1.00E-08	DWG	=	-3.49E-08	DWB	=	1.22E-09
   155:  + VOFF	=	-9.80E-02	NFACTOR	=	2.00E+00	CIT	=	0.00E+00
   156:  + CDSC	=	2.40E-04	CDSCD	=	0.00E+00	CDSCB	=	0.00E+00
   157:  + ETA0	=	1.12E-03	ETAB	=	-4.79E-04	DSUB	=	1.60E-03
   158:  + PCLM	=	1.50E+00	PDIBLC1	=	3.00E-02	PDIBLC2	=	-1.01E-05
   159:  + PDIBLCB	=	1.00E-01	DROUT	=	1.56E-03	PSCBE1	=	4.91E+09
   160:  + PSCBE2	=	1.64E-09	PVAG	=	3.48E+00	DELTA	=	1.00E-02
   161:  + RSH	=	7.69E+00	MOBMOD	=	1.00E+00	PRT	=	0.00E+00
   162:  + UTE	=	-1.49E+00	KT1	=	-1.09E-01	KT1L	=	0.00E+00
   163:  + KT2	=	2.18E-02	UA1	=	4.27E-09	UB1	=	-7.68E-18
   164:  + UC1	=	-5.57E-11	AT	=	3.31E+04	WL	=	0.00E+00
   165:  + WLN	=	1.00E+00	WW	=	0.00E+00	WWN	=	1.00E+00
   166:  + WWL	=	0.00E+00	LL	=	0.00E+00	LLN	=	1.00E+00
   167:  + LW	=	0.00E+00	LWN	=	1.00E+00	LWL	=	0.00E+00
   168:  + CAPMOD	=	2.00E+00	XPART	=	5.00E-01	CGDO	=	6.88E-10
   169:  + CGSO	=	6.85E-10	CGBO	=	1.00E-12	CJ	=	'1.2e-3/proc_delta'
   170:  + PB	=	8.70E-01	MJ	=	4.20E-01	CJSW	=	'2.4e-10/proc_delta'
   171:  + PBSW	=	8.00E-01	MJSW	=	3.57E-01	CJSWG	=	4.24E-10
   172:  + PBSWG	=	8.00E-01	MJSWG	=	3.56E-01	CF	=	0.00E+00
   173:  + PVTH0	=	3.53E-03	PRDSW	=	1.02E+01	PK2	=	3.35E-03
   174:  + WKETA	=	3.52E-02	LKETA	=	-2.06E-03	PU0	=	-2.19E+00
   175:  + PUA	=	-7.63E-11	PUB	=	9.91E-22	PVSAT	=	5.00E+01
   176:  + PKETA	=	-6.41E-03	KF	=	1.29E-29	PETA0	=	7.31E-05
   177:  
   178:  *end of: C:\Users\Bruker\Documents\6_semester\Design_av_IC\Øving_3\p18_model_card.inc
   179:  
   180:  
   181:  .plot dc rds(MN2)
   182:  .param L =0.36U
   183:  .param k=100000
   184:  .param W={k*L}
   185:  
   186:  MN3 t3 g 0 0 NMOS L=L W=W
   187:  vdd t3 0 dc 0.9v
   188:  vgsm1 g  0 dc 0.65v
   189:  
   190:  *.plot dc gm(MN3)
   191:  .plot cd rds(MN3)
   192:  
   193:  .dc vgsm1 0 1.8 0.1

***************************  Model Parameters  ****************************


***************  Device Parameters (Only for .op analysis)  ***************



**************************  Analysis Parameters  **************************

	Source name #1 .. : vgsm1
	Start value #1 .. : 0
	End value #1 .... : 1.8
	Increment value #1: 0.1



**************  Options (Only those different from default)  **************



*************************  Simulation Statistics  *************************

	Total number of iterations...........: 54
	Total analysis time (sec)............: 0.005
	Time spent in device loading (sec)...: 0
	Time spent in L-U decomposition (sec): 0
	Time spent in matrix reordering (sec): 0
	Time spent in matrix solving (sec)...: 0

***************************  Kernel Messages  *****************************

Circuit: Oppgave 1c

Warning: premature EOF
Warning: parameter xl not supported; value ignored
Warning: parameter xw not supported; value ignored
Warning: Pd = 0 is less than W for mn3 in model nmos.
Warning: Ps = 0 is less than W for mn3 in model nmos.

