
                 *********************************************
                 *                                           *
                 *             A I M - S p i c e             *
                 *                                           *
                 *         Professional Version 2018.100           *
                 *                                           *
                 *********************************************

	Date: Wed Nov 21 12:25:44 2018
	Circuit File: C:\Users\Bruker\Documents\6_semester\Design_av_IC\PROJECT\Analog_circuit_forbederet.cir
	Analysis: Transient

**************************  Circuit Description  **************************

     1:  Analog circuit PROJECT(1 pixel)
     2:  
     3:  .param Wn={2u} 
     4:  .param Wp={10u}
     5:  .param Ln={0.7u}
     6:  .param Lp={2u}
     7:  .param Cs={1.2pf} !*0.6pf
     8:  .param cc1={3pf}
     9:  
    10:  
    11:  .param Ipd_1 = 750p !*200p
    12:  .param EXPOSURETIME = 2m ! Exposure time, range [2 ms, 30 ms]
    13:  .param TRF = {EXPOSURETIME/100} ! Risetime and falltime of EXPOSURE and ERASE signals
    14:  .param PW = {EXPOSURETIME} ! Pulsewidth of EXPOSURE and ERASE signals
    15:  .param PERIOD = {EXPOSURETIME*10} ! Period for testbench sources
    16:  .param FS = 1k; ! Sampling clock frequency 
    17:  .param CLK_PERIOD = {1/FS} ! Sampling clock period
    18:  .param EXPOSE_DLY = {CLK_PERIOD} ! Delay for EXPOSE signal
    19:  .param NRE_R1_DLY = {2*CLK_PERIOD + EXPOSURETIME} ! Delay for NRE_R1 signal
    20:  .param NRE_R2_DLY = {4*CLK_PERIOD + EXPOSURETIME+4m} ! Delay for NRE_R2 signal
    21:  .param ERASE_DLY = {6*CLK_PERIOD + EXPOSURETIME+4m} ! Delay for ERASE signal
    22:  
    23:  VDD vdd 0 dc 1.8v
    24:  VDD1 1 0 dc 1.8v
    25:  
    26:  V_EXPOSE EXPOSE 0 dc 0 pulse(0 1.8 EXPOSE_DLY TRF TRF EXPOSURETIME PERIOD)
    27:  V_ERASE ERASE 0 dc 0 pulse(0 1.8 ERASE_DLY TRF TRF CLK_PERIOD PERIOD)
    28:  V_NRE_R1 NRE_R1 0 dc 0 pulse(1.8 0 NRE_R1_DLY TRF TRF CLK_PERIOD PERIOD)
    29:  V_NRE_R2 NRE_R2 0 dc 0  pulse(1.8 0 NRE_R2_DLY TRF TRF CLK_PERIOD PERIOD)
    30:  
    31:  *V_EXP gEXPOSE 0 dc PULSE(0 1.8 10m TRF TRF PW T)
    32:  *V_ERASE gERASE 0 dc PULSE(1.8 0 0 TRF TRF PW T)
    33:  *V_NRE gNRE 0 dc PULSE(0 1.8 0 TRF TRF 25m 45m)
    34:  
    35:  *.plot V(OUT1) V(OUT2) *! signals going to ADC
    36:  *.plot V(EXPOSE) V(NRE_R1) V(NRE_R2) V(ERASE)
    37:  *.plot V(OUT_SAMPLED1)
    38:  
    39:  
    40:  *-------------------------------------------------------
    41:  *.plot tran(EXPOSE) v(ERASE) v(N2)
    42:  .plot tran(NRE) v(OUT1) V(EXPOSE) V(ERASE) v(N1) v(NRE_R1) 
    43:  X1 EXPOSE ERASE NRE_R1 N1 vdd OUT1 pixel
    44:  *X2 EXPOSE ERASE NRE_R1 N2 1 OUT2 pixel
    45:  *X3 EXPOSE ERASE NRE_R2 N3 vdd OUT1 pixel
    46:  *X4 EXPOSE ERASE NRE_R2 N4 1 OUT2 pixel
    47:  
    48:  XMC1 vdd OUT1 del_3
    49:  XMC2 1 OUT2 del_3
    50:  
    51:  *--------PIXEL--------
    52:  .subckt pixel EXPOSE ERASE NRE N vdd OUT 
    53:  X7 EXPOSE ERASE vdd N del_1
    54:  X8 N NRE vdd OUT del_2 
    55:  .ends
    56:  
    57:  *------------------------------------------------------
    58:  .subckt  del_1 EXPOSE ERASE vdd N2
    59:  X1 vdd N1 PhotoDiode
    60:  MN1 N1 EXPOSE N2 0 NMOS L=Ln W=Wn
    61:  MN2 N2 ERASE 0 0 NMOS L=Ln W=Wn
    62:  CS N2 0 Cs
    63:  .ends 
    64:  
    65:  *------------------------------------------------------
    66:  .subckt del_2 N2 NRE vdd OUT
    67:  MP3 0 N2 N3 vdd PMOS L=Ln W=Wp
    68:  MP4 N3 NRE OUT vdd PMOS L=Ln W=Wp
    69:  .ends
    70:  
    71:  *------------------------------------------------------
    72:  
    73:  .subckt PhotoDiode  VDD N1_R1C1 
    74:  I1_R1C1  VDD   N1_R1C1   DC  Ipd_1
    75:  d1 N1_R1C1 vdd dwell 1
    76:  .model dwell d cj0=1e-14 is=1e-12 m=0.5 bv=40
    77:  Cd1 N1_R1C1 VDD 30f
    78:  .ends 
    79:  
    80:  *------------------------------------------------------
    81:  
    82:  .subckt del_3 vdd OUT
    83:  MP5 OUT OUT vdd vdd PMOS W=Wn L=Lp
    84:  CC1 OUT 0 cc1
    85:  .ends 
    86:  
    87:  
    88:  *include C:\Users\Bruker\Documents\6_semester\Design_av_IC\PROJECT\p18_cmos_models_tt.inc
    89:  .param proc_delta = 1
    90:  .param vt_shift = 0
    91:  *include p18_model_card.inc
    92:  * p18 model card
    93:  .MODEL NMOS NMOS  								
    94:  + VERSION	=	3.1						
    95:  + LEVEL	=	49	NOIMOD	=	1	TNOM	=	2.70E+01
    96:  + TOX	=	'4.1E-9/proc_delta'	XJ	=	1.00E-07	NCH	=	2.33E+17
    97:  + VTH0	=	'0.36+vt_shift'	K1	=	5.84E-01	K2	=	4.14E-03
    98:  + K3	=	1.01E-03	K3B	=	2.20E+00	W0	=	1.00E-07
    99:  + NLX	=	1.81E-07	DVT0W	=	0.00E+00	DVT1W	=	0.00E+00
   100:  + DVT2W	=	0.00E+00	DVT0	=	1.73E+00	DVT1	=	4.38E-01
   101:  + DVT2	=	-3.70E-04	U0	=	'260*proc_delta*proc_delta'	UA	=	-1.38E-09
   102:  + UB	=	2.26E-18	UC	=	5.46E-11	VSAT	=	1.03E+05
   103:  + A0	=	1.92E+00	AGS	=	4.20E-01	B0	=	-1.52E-09
   104:  + B1	=	-9.92E-08	KETA	=	-7.16E-03	A1	=	6.61E-04
   105:  + A2	=	8.89E-01	RDSW	=	1.12E+02	PRWG	=	4.92E-01
   106:  + PRWB	=	-2.02E-01	WR	=	1.00E+00	WINT	=	7.12E-09
   107:  + LINT	=	1.12E-08	XL	=	-2.00E-08	XW	=	-1.00E-08
   108:  + DWG	=	-3.82E-09	DWB	=	8.63E-09	VOFF	=	-8.82E-02
   109:  + NFACTOR	=	2.30E+00	CIT	=	0.00E+00	CDSC	=	2.40E-04
   110:  + CDSCD	=	0.00E+00	CDSCB	=	0.00E+00	ETA0	=	3.13E-03
   111:  + ETAB	=	1.00E+00	DSUB	=	2.25E-02	PCLM	=	7.20E-01
   112:  + PDIBLC1	=	2.15E-01	PDIBLC2	=	2.23E-03	PDIBLCB	=	1.00E-01
   113:  + DROUT	=	8.01E-01	PSCBE1	=	5.44E+08	PSCBE2	=	1.00E-03
   114:  + PVAG	=	1.00E-12	DELTA	=	1.00E-02	RSH	=	6.78E+00
   115:  + MOBMOD	=	1.00E+00	PRT	=	0.00E+00	UTE	=	-1.50E+00
   116:  + KT1	=	-1.10E-01	KT1L	=	0.00E+00	KT2	=	2.19E-02
   117:  + UA1	=	4.28E-09	UB1	=	-7.62E-18	UC1	=	-5.57E-11
   118:  + AT	=	3.30E+04	WL	=	0.00E+00	WLN	=	1.00E+00
   119:  + WW	=	0.00E+00	WWN	=	1.00E+00	WWL	=	0.00E+00
   120:  + LL	=	0.00E+00	LLN	=	1.00E+00	LW	=	0.00E+00
   121:  + LWN	=	1.00E+00	LWL	=	0.00E+00	CAPMOD	=	2.00E+00
   122:  + XPART	=	5.00E-01	CGDO	=	6.98E-10	CGSO	=	7.03E-10
   123:  + CGBO	=	1.00E-12	CJ	=	'9.8e-4/proc_delta'	PB	=	7.34E-01
   124:  + MJ	=	3.63E-01	CJSW	=	'2.4e-10/proc_delta'	PBSW	=	4.71E-01
   125:  + MJSW	=	1.00E-01	CJSWG	=	3.29E-10	PBSWG	=	4.66E-01
   126:  + MJSWG	=	1.00E-01	CF	=	0.00E+00	PVTH0	=	-7.16E-04
   127:  + PRDSW	=	-6.66E-01	PK2	=	5.92E-04	WKETA	=	2.14E-04
   128:  + LKETA	=	-1.51E-02	PU0	=	3.36E+00	PUA	=	-1.31E-11
   129:  + PUB	=	0.00E+00	PVSAT	=	1.25E+03	PETA0	=	1.00E-04
   130:  + PKETA	=	6.45E-04	KF	=	4.46E-29			
   131:  								
   132:  .MODEL PMOS PMOS  								
   133:  + VERSION	=	3.1						
   134:  + LEVEL	=	49	NOIMOD	=	1			
   135:  + TNOM	=	2.70E+01	TOX	=	'4.1E-9/proc_delta'	XJ	=	1.00E-07
   136:  + NCH	=	4.12E+17	VTH0	=	'-0.39-vt_shift'	K1	=	5.50E-01
   137:  + K2	=	3.50E-02	K3	=	0.00E+00	K3B	=	1.20E+01
   138:  + W0	=	1.00E-06	NLX	=	1.25E-07	DVT0W	=	0.00E+00
   139:  + DVT1W	=	0.00E+00	DVT2W	=	0.00E+00	DVT0	=	5.53E-01
   140:  + DVT1	=	2.46E-01	DVT2	=	1.00E-01	U0	=	'110*proc_delta*proc_delta'
   141:  + UA	=	1.44E-09	UB	=	2.29E-21	UC	=	-1.00E-10
   142:  + VSAT	=	1.95E+05	A0	=	1.72E+00	AGS	=	3.80E-01
   143:  + B0	=	5.87E-07	B1	=	1.44E-06	KETA	=	2.21E-02
   144:  + A1	=	4.66E-01	A2	=	3.00E-01	RDSW	=	3.11E+02
   145:  + PRWG	=	5.00E-01	PRWB	=	1.64E-02	WR	=	1.00E+00
   146:  + WINT	=	0.00E+00	LINT	=	2.00E-08	XL	=	-2.00E-08
   147:  + XW	=	-1.00E-08	DWG	=	-3.49E-08	DWB	=	1.22E-09
   148:  + VOFF	=	-9.80E-02	NFACTOR	=	2.00E+00	CIT	=	0.00E+00
   149:  + CDSC	=	2.40E-04	CDSCD	=	0.00E+00	CDSCB	=	0.00E+00
   150:  + ETA0	=	1.12E-03	ETAB	=	-4.79E-04	DSUB	=	1.60E-03
   151:  + PCLM	=	1.50E+00	PDIBLC1	=	3.00E-02	PDIBLC2	=	-1.01E-05
   152:  + PDIBLCB	=	1.00E-01	DROUT	=	1.56E-03	PSCBE1	=	4.91E+09
   153:  + PSCBE2	=	1.64E-09	PVAG	=	3.48E+00	DELTA	=	1.00E-02
   154:  + RSH	=	7.69E+00	MOBMOD	=	1.00E+00	PRT	=	0.00E+00
   155:  + UTE	=	-1.49E+00	KT1	=	-1.09E-01	KT1L	=	0.00E+00
   156:  + KT2	=	2.18E-02	UA1	=	4.27E-09	UB1	=	-7.68E-18
   157:  + UC1	=	-5.57E-11	AT	=	3.31E+04	WL	=	0.00E+00
   158:  + WLN	=	1.00E+00	WW	=	0.00E+00	WWN	=	1.00E+00
   159:  + WWL	=	0.00E+00	LL	=	0.00E+00	LLN	=	1.00E+00
   160:  + LW	=	0.00E+00	LWN	=	1.00E+00	LWL	=	0.00E+00
   161:  + CAPMOD	=	2.00E+00	XPART	=	5.00E-01	CGDO	=	6.88E-10
   162:  + CGSO	=	6.85E-10	CGBO	=	1.00E-12	CJ	=	'1.2e-3/proc_delta'
   163:  + PB	=	8.70E-01	MJ	=	4.20E-01	CJSW	=	'2.4e-10/proc_delta'
   164:  + PBSW	=	8.00E-01	MJSW	=	3.57E-01	CJSWG	=	4.24E-10
   165:  + PBSWG	=	8.00E-01	MJSWG	=	3.56E-01	CF	=	0.00E+00
   166:  + PVTH0	=	3.53E-03	PRDSW	=	1.02E+01	PK2	=	3.35E-03
   167:  + WKETA	=	3.52E-02	LKETA	=	-2.06E-03	PU0	=	-2.19E+00
   168:  + PUA	=	-7.63E-11	PUB	=	9.91E-22	PVSAT	=	5.00E+01
   169:  + PKETA	=	-6.41E-03	KF	=	1.29E-29	PETA0	=	7.31E-05
   170:  
   171:  *end of: p18_model_card.inc
   172:  *end of: C:\Users\Bruker\Documents\6_semester\Design_av_IC\PROJECT\p18_cmos_models_tt.inc
   173:  *include C:\Users\Bruker\Documents\6_semester\Design_av_IC\PROJECT\p18_model_card.inc
   174:  * p18 model card
   175:  .MODEL NMOS NMOS  								
   176:  + VERSION	=	3.1						
   177:  + LEVEL	=	49	NOIMOD	=	1	TNOM	=	2.70E+01
   178:  + TOX	=	'4.1E-9/proc_delta'	XJ	=	1.00E-07	NCH	=	2.33E+17
   179:  + VTH0	=	'0.36+vt_shift'	K1	=	5.84E-01	K2	=	4.14E-03
   180:  + K3	=	1.01E-03	K3B	=	2.20E+00	W0	=	1.00E-07
   181:  + NLX	=	1.81E-07	DVT0W	=	0.00E+00	DVT1W	=	0.00E+00
   182:  + DVT2W	=	0.00E+00	DVT0	=	1.73E+00	DVT1	=	4.38E-01
   183:  + DVT2	=	-3.70E-04	U0	=	'260*proc_delta*proc_delta'	UA	=	-1.38E-09
   184:  + UB	=	2.26E-18	UC	=	5.46E-11	VSAT	=	1.03E+05
   185:  + A0	=	1.92E+00	AGS	=	4.20E-01	B0	=	-1.52E-09
   186:  + B1	=	-9.92E-08	KETA	=	-7.16E-03	A1	=	6.61E-04
   187:  + A2	=	8.89E-01	RDSW	=	1.12E+02	PRWG	=	4.92E-01
   188:  + PRWB	=	-2.02E-01	WR	=	1.00E+00	WINT	=	7.12E-09
   189:  + LINT	=	1.12E-08	XL	=	-2.00E-08	XW	=	-1.00E-08
   190:  + DWG	=	-3.82E-09	DWB	=	8.63E-09	VOFF	=	-8.82E-02
   191:  + NFACTOR	=	2.30E+00	CIT	=	0.00E+00	CDSC	=	2.40E-04
   192:  + CDSCD	=	0.00E+00	CDSCB	=	0.00E+00	ETA0	=	3.13E-03
   193:  + ETAB	=	1.00E+00	DSUB	=	2.25E-02	PCLM	=	7.20E-01
   194:  + PDIBLC1	=	2.15E-01	PDIBLC2	=	2.23E-03	PDIBLCB	=	1.00E-01
   195:  + DROUT	=	8.01E-01	PSCBE1	=	5.44E+08	PSCBE2	=	1.00E-03
   196:  + PVAG	=	1.00E-12	DELTA	=	1.00E-02	RSH	=	6.78E+00
   197:  + MOBMOD	=	1.00E+00	PRT	=	0.00E+00	UTE	=	-1.50E+00
   198:  + KT1	=	-1.10E-01	KT1L	=	0.00E+00	KT2	=	2.19E-02
   199:  + UA1	=	4.28E-09	UB1	=	-7.62E-18	UC1	=	-5.57E-11
   200:  + AT	=	3.30E+04	WL	=	0.00E+00	WLN	=	1.00E+00
   201:  + WW	=	0.00E+00	WWN	=	1.00E+00	WWL	=	0.00E+00
   202:  + LL	=	0.00E+00	LLN	=	1.00E+00	LW	=	0.00E+00
   203:  + LWN	=	1.00E+00	LWL	=	0.00E+00	CAPMOD	=	2.00E+00
   204:  + XPART	=	5.00E-01	CGDO	=	6.98E-10	CGSO	=	7.03E-10
   205:  + CGBO	=	1.00E-12	CJ	=	'9.8e-4/proc_delta'	PB	=	7.34E-01
   206:  + MJ	=	3.63E-01	CJSW	=	'2.4e-10/proc_delta'	PBSW	=	4.71E-01
   207:  + MJSW	=	1.00E-01	CJSWG	=	3.29E-10	PBSWG	=	4.66E-01
   208:  + MJSWG	=	1.00E-01	CF	=	0.00E+00	PVTH0	=	-7.16E-04
   209:  + PRDSW	=	-6.66E-01	PK2	=	5.92E-04	WKETA	=	2.14E-04
   210:  + LKETA	=	-1.51E-02	PU0	=	3.36E+00	PUA	=	-1.31E-11
   211:  + PUB	=	0.00E+00	PVSAT	=	1.25E+03	PETA0	=	1.00E-04
   212:  + PKETA	=	6.45E-04	KF	=	4.46E-29			
   213:  								
   214:  .MODEL PMOS PMOS  								
   215:  + VERSION	=	3.1						
   216:  + LEVEL	=	49	NOIMOD	=	1			
   217:  + TNOM	=	2.70E+01	TOX	=	'4.1E-9/proc_delta'	XJ	=	1.00E-07
   218:  + NCH	=	4.12E+17	VTH0	=	'-0.39-vt_shift'	K1	=	5.50E-01
   219:  + K2	=	3.50E-02	K3	=	0.00E+00	K3B	=	1.20E+01
   220:  + W0	=	1.00E-06	NLX	=	1.25E-07	DVT0W	=	0.00E+00
   221:  + DVT1W	=	0.00E+00	DVT2W	=	0.00E+00	DVT0	=	5.53E-01
   222:  + DVT1	=	2.46E-01	DVT2	=	1.00E-01	U0	=	'110*proc_delta*proc_delta'
   223:  + UA	=	1.44E-09	UB	=	2.29E-21	UC	=	-1.00E-10
   224:  + VSAT	=	1.95E+05	A0	=	1.72E+00	AGS	=	3.80E-01
   225:  + B0	=	5.87E-07	B1	=	1.44E-06	KETA	=	2.21E-02
   226:  + A1	=	4.66E-01	A2	=	3.00E-01	RDSW	=	3.11E+02
   227:  + PRWG	=	5.00E-01	PRWB	=	1.64E-02	WR	=	1.00E+00
   228:  + WINT	=	0.00E+00	LINT	=	2.00E-08	XL	=	-2.00E-08
   229:  + XW	=	-1.00E-08	DWG	=	-3.49E-08	DWB	=	1.22E-09
   230:  + VOFF	=	-9.80E-02	NFACTOR	=	2.00E+00	CIT	=	0.00E+00
   231:  + CDSC	=	2.40E-04	CDSCD	=	0.00E+00	CDSCB	=	0.00E+00
   232:  + ETA0	=	1.12E-03	ETAB	=	-4.79E-04	DSUB	=	1.60E-03
   233:  + PCLM	=	1.50E+00	PDIBLC1	=	3.00E-02	PDIBLC2	=	-1.01E-05
   234:  + PDIBLCB	=	1.00E-01	DROUT	=	1.56E-03	PSCBE1	=	4.91E+09
   235:  + PSCBE2	=	1.64E-09	PVAG	=	3.48E+00	DELTA	=	1.00E-02
   236:  + RSH	=	7.69E+00	MOBMOD	=	1.00E+00	PRT	=	0.00E+00
   237:  + UTE	=	-1.49E+00	KT1	=	-1.09E-01	KT1L	=	0.00E+00
   238:  + KT2	=	2.18E-02	UA1	=	4.27E-09	UB1	=	-7.68E-18
   239:  + UC1	=	-5.57E-11	AT	=	3.31E+04	WL	=	0.00E+00
   240:  + WLN	=	1.00E+00	WW	=	0.00E+00	WWN	=	1.00E+00
   241:  + WWL	=	0.00E+00	LL	=	0.00E+00	LLN	=	1.00E+00
   242:  + LW	=	0.00E+00	LWN	=	1.00E+00	LWL	=	0.00E+00
   243:  + CAPMOD	=	2.00E+00	XPART	=	5.00E-01	CGDO	=	6.88E-10
   244:  + CGSO	=	6.85E-10	CGBO	=	1.00E-12	CJ	=	'1.2e-3/proc_delta'
   245:  + PB	=	8.70E-01	MJ	=	4.20E-01	CJSW	=	'2.4e-10/proc_delta'
   246:  + PBSW	=	8.00E-01	MJSW	=	3.57E-01	CJSWG	=	4.24E-10
   247:  + PBSWG	=	8.00E-01	MJSWG	=	3.56E-01	CF	=	0.00E+00
   248:  + PVTH0	=	3.53E-03	PRDSW	=	1.02E+01	PK2	=	3.35E-03
   249:  + WKETA	=	3.52E-02	LKETA	=	-2.06E-03	PU0	=	-2.19E+00
   250:  + PUA	=	-7.63E-11	PUB	=	9.91E-22	PVSAT	=	5.00E+01
   251:  + PKETA	=	-6.41E-03	KF	=	1.29E-29	PETA0	=	7.31E-05
   252:  
   253:  *end of: C:\Users\Bruker\Documents\6_semester\Design_av_IC\PROJECT\p18_model_card.inc
   254:  
   255:  .tran 0.1m 50m

***************************  Model Parameters  ****************************


***************  Device Parameters (Only for .op analysis)  ***************



**************************  Analysis Parameters  **************************

	Stepsize ............ : 0.1m
	Final time .......... : 50m
	Use Initial Conditions: Off



**************  Options (Only those different from default)  **************

	Gmin:        1.0E-39


*************************  Simulation Statistics  *************************

	Total number of iterations.....................: 1309
	Number of iterations for transient analysis....: 1288
	Total number of timepoints.....................: 449
	Number of timepoints accepted..................: 409
	Number of timepoints rejected..................: 40
	Total analysis time (sec)......................: 0.247
	Transient analysis time (sec)..................: 0.245
	Time spent in device loading (sec).............: 0.011
	Time spent in L-U decomposition (sec)..........: 0.003
	Time spent in matrix reordering (sec)..........: 0
	Time spent in matrix solving (sec).............: 0
	Time spent in transient L-U decomposition (sec): 0.003
	Time spent in transient matrix solving (sec)...: 0

***************************  Kernel Messages  *****************************

Circuit: Analog circuit PROJECT(1 pixel)

Warning: premature EOF
Warning: parameter xl not supported; value ignored
Warning: parameter xw not supported; value ignored
Warning: parameter xl not supported; value ignored
Warning: parameter xw not supported; value ignored
Warning: Pd = 0 is less than W for m:mc2:p5 in model pmos.
Warning: Ps = 0 is less than W for m:mc2:p5 in model pmos.
Warning: Pd = 0 is less than W for m:1:8:p4 in model pmos.
Warning: Ps = 0 is less than W for m:1:8:p4 in model pmos.
Warning: Pd = 0 is less than W for m:1:7:n2 in model nmos.
Warning: Ps = 0 is less than W for m:1:7:n2 in model nmos.
Warning: Node nre_r2 has less than two connections

