
                 *********************************************
                 *                                           *
                 *             A I M - S p i c e             *
                 *                                           *
                 *         Professional Version 2018.100           *
                 *                                           *
                 *********************************************

	Date: Tue Sep 18 15:27:10 2018
	Circuit File: C:\Users\Bruker\Documents\6_semester\Design_av_IC\Øving_2\oppg.4
	Analysis: DC Transfer Curves

**************************  Circuit Description  **************************

     1:  Øving 2, Oppgave 4
     2:  
     3:  MN1 d g 0 0 NMOS L=1U W=1U
     4:  vdd d 0 dc 1.8v
     5:  vgs g 0 dc 0.9v
     6:  
     7:  *include C:\Users\Bruker\Documents\6_semester\Design_av_IC\Øving_2\p18_model_card.inc
     8:  * p18 model card
     9:  .MODEL NMOS NMOS  								
    10:  + VERSION	=	3.1						
    11:  + LEVEL	=	49	NOIMOD	=	1	TNOM	=	2.70E+01
    12:  + TOX	=	'4.1E-9/proc_delta'	XJ	=	1.00E-07	NCH	=	2.33E+17
    13:  + VTH0	=	'0.36+vt_shift'	K1	=	5.84E-01	K2	=	4.14E-03
    14:  + K3	=	1.01E-03	K3B	=	2.20E+00	W0	=	1.00E-07
    15:  + NLX	=	1.81E-07	DVT0W	=	0.00E+00	DVT1W	=	0.00E+00
    16:  + DVT2W	=	0.00E+00	DVT0	=	1.73E+00	DVT1	=	4.38E-01
    17:  + DVT2	=	-3.70E-04	U0	=	'260*proc_delta*proc_delta'	UA	=	-1.38E-09
    18:  + UB	=	2.26E-18	UC	=	5.46E-11	VSAT	=	1.03E+05
    19:  + A0	=	1.92E+00	AGS	=	4.20E-01	B0	=	-1.52E-09
    20:  + B1	=	-9.92E-08	KETA	=	-7.16E-03	A1	=	6.61E-04
    21:  + A2	=	8.89E-01	RDSW	=	1.12E+02	PRWG	=	4.92E-01
    22:  + PRWB	=	-2.02E-01	WR	=	1.00E+00	WINT	=	7.12E-09
    23:  + LINT	=	1.12E-08	XL	=	-2.00E-08	XW	=	-1.00E-08
    24:  + DWG	=	-3.82E-09	DWB	=	8.63E-09	VOFF	=	-8.82E-02
    25:  + NFACTOR	=	2.30E+00	CIT	=	0.00E+00	CDSC	=	2.40E-04
    26:  + CDSCD	=	0.00E+00	CDSCB	=	0.00E+00	ETA0	=	3.13E-03
    27:  + ETAB	=	1.00E+00	DSUB	=	2.25E-02	PCLM	=	7.20E-01
    28:  + PDIBLC1	=	2.15E-01	PDIBLC2	=	2.23E-03	PDIBLCB	=	1.00E-01
    29:  + DROUT	=	8.01E-01	PSCBE1	=	5.44E+08	PSCBE2	=	1.00E-03
    30:  + PVAG	=	1.00E-12	DELTA	=	1.00E-02	RSH	=	6.78E+00
    31:  + MOBMOD	=	1.00E+00	PRT	=	0.00E+00	UTE	=	-1.50E+00
    32:  + KT1	=	-1.10E-01	KT1L	=	0.00E+00	KT2	=	2.19E-02
    33:  + UA1	=	4.28E-09	UB1	=	-7.62E-18	UC1	=	-5.57E-11
    34:  + AT	=	3.30E+04	WL	=	0.00E+00	WLN	=	1.00E+00
    35:  + WW	=	0.00E+00	WWN	=	1.00E+00	WWL	=	0.00E+00
    36:  + LL	=	0.00E+00	LLN	=	1.00E+00	LW	=	0.00E+00
    37:  + LWN	=	1.00E+00	LWL	=	0.00E+00	CAPMOD	=	2.00E+00
    38:  + XPART	=	5.00E-01	CGDO	=	6.98E-10	CGSO	=	7.03E-10
    39:  + CGBO	=	1.00E-12	CJ	=	'9.8e-4/proc_delta'	PB	=	7.34E-01
    40:  + MJ	=	3.63E-01	CJSW	=	'2.4e-10/proc_delta'	PBSW	=	4.71E-01
    41:  + MJSW	=	1.00E-01	CJSWG	=	3.29E-10	PBSWG	=	4.66E-01
    42:  + MJSWG	=	1.00E-01	CF	=	0.00E+00	PVTH0	=	-7.16E-04
    43:  + PRDSW	=	-6.66E-01	PK2	=	5.92E-04	WKETA	=	2.14E-04
    44:  + LKETA	=	-1.51E-02	PU0	=	3.36E+00	PUA	=	-1.31E-11
    45:  + PUB	=	0.00E+00	PVSAT	=	1.25E+03	PETA0	=	1.00E-04
    46:  + PKETA	=	6.45E-04	KF	=	4.46E-29			
    47:  								
    48:  .MODEL PMOS PMOS  								
    49:  + VERSION	=	3.1						
    50:  + LEVEL	=	49	NOIMOD	=	1			
    51:  + TNOM	=	2.70E+01	TOX	=	'4.1E-9/proc_delta'	XJ	=	1.00E-07
    52:  + NCH	=	4.12E+17	VTH0	=	'-0.39-vt_shift'	K1	=	5.50E-01
    53:  + K2	=	3.50E-02	K3	=	0.00E+00	K3B	=	1.20E+01
    54:  + W0	=	1.00E-06	NLX	=	1.25E-07	DVT0W	=	0.00E+00
    55:  + DVT1W	=	0.00E+00	DVT2W	=	0.00E+00	DVT0	=	5.53E-01
    56:  + DVT1	=	2.46E-01	DVT2	=	1.00E-01	U0	=	'110*proc_delta*proc_delta'
    57:  + UA	=	1.44E-09	UB	=	2.29E-21	UC	=	-1.00E-10
    58:  + VSAT	=	1.95E+05	A0	=	1.72E+00	AGS	=	3.80E-01
    59:  + B0	=	5.87E-07	B1	=	1.44E-06	KETA	=	2.21E-02
    60:  + A1	=	4.66E-01	A2	=	3.00E-01	RDSW	=	3.11E+02
    61:  + PRWG	=	5.00E-01	PRWB	=	1.64E-02	WR	=	1.00E+00
    62:  + WINT	=	0.00E+00	LINT	=	2.00E-08	XL	=	-2.00E-08
    63:  + XW	=	-1.00E-08	DWG	=	-3.49E-08	DWB	=	1.22E-09
    64:  + VOFF	=	-9.80E-02	NFACTOR	=	2.00E+00	CIT	=	0.00E+00
    65:  + CDSC	=	2.40E-04	CDSCD	=	0.00E+00	CDSCB	=	0.00E+00
    66:  + ETA0	=	1.12E-03	ETAB	=	-4.79E-04	DSUB	=	1.60E-03
    67:  + PCLM	=	1.50E+00	PDIBLC1	=	3.00E-02	PDIBLC2	=	-1.01E-05
    68:  + PDIBLCB	=	1.00E-01	DROUT	=	1.56E-03	PSCBE1	=	4.91E+09
    69:  + PSCBE2	=	1.64E-09	PVAG	=	3.48E+00	DELTA	=	1.00E-02
    70:  + RSH	=	7.69E+00	MOBMOD	=	1.00E+00	PRT	=	0.00E+00
    71:  + UTE	=	-1.49E+00	KT1	=	-1.09E-01	KT1L	=	0.00E+00
    72:  + KT2	=	2.18E-02	UA1	=	4.27E-09	UB1	=	-7.68E-18
    73:  + UC1	=	-5.57E-11	AT	=	3.31E+04	WL	=	0.00E+00
    74:  + WLN	=	1.00E+00	WW	=	0.00E+00	WWN	=	1.00E+00
    75:  + WWL	=	0.00E+00	LL	=	0.00E+00	LLN	=	1.00E+00
    76:  + LW	=	0.00E+00	LWN	=	1.00E+00	LWL	=	0.00E+00
    77:  + CAPMOD	=	2.00E+00	XPART	=	5.00E-01	CGDO	=	6.88E-10
    78:  + CGSO	=	6.85E-10	CGBO	=	1.00E-12	CJ	=	'1.2e-3/proc_delta'
    79:  + PB	=	8.70E-01	MJ	=	4.20E-01	CJSW	=	'2.4e-10/proc_delta'
    80:  + PBSW	=	8.00E-01	MJSW	=	3.57E-01	CJSWG	=	4.24E-10
    81:  + PBSWG	=	8.00E-01	MJSWG	=	3.56E-01	CF	=	0.00E+00
    82:  + PVTH0	=	3.53E-03	PRDSW	=	1.02E+01	PK2	=	3.35E-03
    83:  + WKETA	=	3.52E-02	LKETA	=	-2.06E-03	PU0	=	-2.19E+00
    84:  + PUA	=	-7.63E-11	PUB	=	9.91E-22	PVSAT	=	5.00E+01
    85:  + PKETA	=	-6.41E-03	KF	=	1.29E-29	PETA0	=	7.31E-05
    86:  
    87:  *end of: C:\Users\Bruker\Documents\6_semester\Design_av_IC\Øving_2\p18_model_card.inc
    88:  *include C:\Users\Bruker\Documents\6_semester\Design_av_IC\Øving_2\p18_cmos_models_tt.inc
    89:  .param proc_delta = 1
    90:  .param vt_shift = 0
    91:  *include p18_model_card.inc
    92:  * p18 model card
    93:  .MODEL NMOS NMOS  								
    94:  + VERSION	=	3.1						
    95:  + LEVEL	=	49	NOIMOD	=	1	TNOM	=	2.70E+01
    96:  + TOX	=	'4.1E-9/proc_delta'	XJ	=	1.00E-07	NCH	=	2.33E+17
    97:  + VTH0	=	'0.36+vt_shift'	K1	=	5.84E-01	K2	=	4.14E-03
    98:  + K3	=	1.01E-03	K3B	=	2.20E+00	W0	=	1.00E-07
    99:  + NLX	=	1.81E-07	DVT0W	=	0.00E+00	DVT1W	=	0.00E+00
   100:  + DVT2W	=	0.00E+00	DVT0	=	1.73E+00	DVT1	=	4.38E-01
   101:  + DVT2	=	-3.70E-04	U0	=	'260*proc_delta*proc_delta'	UA	=	-1.38E-09
   102:  + UB	=	2.26E-18	UC	=	5.46E-11	VSAT	=	1.03E+05
   103:  + A0	=	1.92E+00	AGS	=	4.20E-01	B0	=	-1.52E-09
   104:  + B1	=	-9.92E-08	KETA	=	-7.16E-03	A1	=	6.61E-04
   105:  + A2	=	8.89E-01	RDSW	=	1.12E+02	PRWG	=	4.92E-01
   106:  + PRWB	=	-2.02E-01	WR	=	1.00E+00	WINT	=	7.12E-09
   107:  + LINT	=	1.12E-08	XL	=	-2.00E-08	XW	=	-1.00E-08
   108:  + DWG	=	-3.82E-09	DWB	=	8.63E-09	VOFF	=	-8.82E-02
   109:  + NFACTOR	=	2.30E+00	CIT	=	0.00E+00	CDSC	=	2.40E-04
   110:  + CDSCD	=	0.00E+00	CDSCB	=	0.00E+00	ETA0	=	3.13E-03
   111:  + ETAB	=	1.00E+00	DSUB	=	2.25E-02	PCLM	=	7.20E-01
   112:  + PDIBLC1	=	2.15E-01	PDIBLC2	=	2.23E-03	PDIBLCB	=	1.00E-01
   113:  + DROUT	=	8.01E-01	PSCBE1	=	5.44E+08	PSCBE2	=	1.00E-03
   114:  + PVAG	=	1.00E-12	DELTA	=	1.00E-02	RSH	=	6.78E+00
   115:  + MOBMOD	=	1.00E+00	PRT	=	0.00E+00	UTE	=	-1.50E+00
   116:  + KT1	=	-1.10E-01	KT1L	=	0.00E+00	KT2	=	2.19E-02
   117:  + UA1	=	4.28E-09	UB1	=	-7.62E-18	UC1	=	-5.57E-11
   118:  + AT	=	3.30E+04	WL	=	0.00E+00	WLN	=	1.00E+00
   119:  + WW	=	0.00E+00	WWN	=	1.00E+00	WWL	=	0.00E+00
   120:  + LL	=	0.00E+00	LLN	=	1.00E+00	LW	=	0.00E+00
   121:  + LWN	=	1.00E+00	LWL	=	0.00E+00	CAPMOD	=	2.00E+00
   122:  + XPART	=	5.00E-01	CGDO	=	6.98E-10	CGSO	=	7.03E-10
   123:  + CGBO	=	1.00E-12	CJ	=	'9.8e-4/proc_delta'	PB	=	7.34E-01
   124:  + MJ	=	3.63E-01	CJSW	=	'2.4e-10/proc_delta'	PBSW	=	4.71E-01
   125:  + MJSW	=	1.00E-01	CJSWG	=	3.29E-10	PBSWG	=	4.66E-01
   126:  + MJSWG	=	1.00E-01	CF	=	0.00E+00	PVTH0	=	-7.16E-04
   127:  + PRDSW	=	-6.66E-01	PK2	=	5.92E-04	WKETA	=	2.14E-04
   128:  + LKETA	=	-1.51E-02	PU0	=	3.36E+00	PUA	=	-1.31E-11
   129:  + PUB	=	0.00E+00	PVSAT	=	1.25E+03	PETA0	=	1.00E-04
   130:  + PKETA	=	6.45E-04	KF	=	4.46E-29			
   131:  								
   132:  .MODEL PMOS PMOS  								
   133:  + VERSION	=	3.1						
   134:  + LEVEL	=	49	NOIMOD	=	1			
   135:  + TNOM	=	2.70E+01	TOX	=	'4.1E-9/proc_delta'	XJ	=	1.00E-07
   136:  + NCH	=	4.12E+17	VTH0	=	'-0.39-vt_shift'	K1	=	5.50E-01
   137:  + K2	=	3.50E-02	K3	=	0.00E+00	K3B	=	1.20E+01
   138:  + W0	=	1.00E-06	NLX	=	1.25E-07	DVT0W	=	0.00E+00
   139:  + DVT1W	=	0.00E+00	DVT2W	=	0.00E+00	DVT0	=	5.53E-01
   140:  + DVT1	=	2.46E-01	DVT2	=	1.00E-01	U0	=	'110*proc_delta*proc_delta'
   141:  + UA	=	1.44E-09	UB	=	2.29E-21	UC	=	-1.00E-10
   142:  + VSAT	=	1.95E+05	A0	=	1.72E+00	AGS	=	3.80E-01
   143:  + B0	=	5.87E-07	B1	=	1.44E-06	KETA	=	2.21E-02
   144:  + A1	=	4.66E-01	A2	=	3.00E-01	RDSW	=	3.11E+02
   145:  + PRWG	=	5.00E-01	PRWB	=	1.64E-02	WR	=	1.00E+00
   146:  + WINT	=	0.00E+00	LINT	=	2.00E-08	XL	=	-2.00E-08
   147:  + XW	=	-1.00E-08	DWG	=	-3.49E-08	DWB	=	1.22E-09
   148:  + VOFF	=	-9.80E-02	NFACTOR	=	2.00E+00	CIT	=	0.00E+00
   149:  + CDSC	=	2.40E-04	CDSCD	=	0.00E+00	CDSCB	=	0.00E+00
   150:  + ETA0	=	1.12E-03	ETAB	=	-4.79E-04	DSUB	=	1.60E-03
   151:  + PCLM	=	1.50E+00	PDIBLC1	=	3.00E-02	PDIBLC2	=	-1.01E-05
   152:  + PDIBLCB	=	1.00E-01	DROUT	=	1.56E-03	PSCBE1	=	4.91E+09
   153:  + PSCBE2	=	1.64E-09	PVAG	=	3.48E+00	DELTA	=	1.00E-02
   154:  + RSH	=	7.69E+00	MOBMOD	=	1.00E+00	PRT	=	0.00E+00
   155:  + UTE	=	-1.49E+00	KT1	=	-1.09E-01	KT1L	=	0.00E+00
   156:  + KT2	=	2.18E-02	UA1	=	4.27E-09	UB1	=	-7.68E-18
   157:  + UC1	=	-5.57E-11	AT	=	3.31E+04	WL	=	0.00E+00
   158:  + WLN	=	1.00E+00	WW	=	0.00E+00	WWN	=	1.00E+00
   159:  + WWL	=	0.00E+00	LL	=	0.00E+00	LLN	=	1.00E+00
   160:  + LW	=	0.00E+00	LWN	=	1.00E+00	LWL	=	0.00E+00
   161:  + CAPMOD	=	2.00E+00	XPART	=	5.00E-01	CGDO	=	6.88E-10
   162:  + CGSO	=	6.85E-10	CGBO	=	1.00E-12	CJ	=	'1.2e-3/proc_delta'
   163:  + PB	=	8.70E-01	MJ	=	4.20E-01	CJSW	=	'2.4e-10/proc_delta'
   164:  + PBSW	=	8.00E-01	MJSW	=	3.57E-01	CJSWG	=	4.24E-10
   165:  + PBSWG	=	8.00E-01	MJSWG	=	3.56E-01	CF	=	0.00E+00
   166:  + PVTH0	=	3.53E-03	PRDSW	=	1.02E+01	PK2	=	3.35E-03
   167:  + WKETA	=	3.52E-02	LKETA	=	-2.06E-03	PU0	=	-2.19E+00
   168:  + PUA	=	-7.63E-11	PUB	=	9.91E-22	PVSAT	=	5.00E+01
   169:  + PKETA	=	-6.41E-03	KF	=	1.29E-29	PETA0	=	7.31E-05
   170:  
   171:  *end of: p18_model_card.inc
   172:  *end of: C:\Users\Bruker\Documents\6_semester\Design_av_IC\Øving_2\p18_cmos_models_tt.inc
   173:  
   174:  .plot dc gm(MN1)
   175:  .plot dc rds(MN1)
   176:  .plot dc id(MN1)
   177:  .dc vdd 0 1.8 0.1

***************************  Model Parameters  ****************************


***************  Device Parameters (Only for .op analysis)  ***************



**************************  Analysis Parameters  **************************

	Source name #1 .. : vdd
	Start value #1 .. : 0
	End value #1 .... : 1.8
	Increment value #1: 0.1



**************  Options (Only those different from default)  **************



*************************  Simulation Statistics  *************************

	Total number of iterations...........: 39
	Total analysis time (sec)............: 0.003
	Time spent in device loading (sec)...: 0
	Time spent in L-U decomposition (sec): 0
	Time spent in matrix reordering (sec): 0
	Time spent in matrix solving (sec)...: 0

***************************  Kernel Messages  *****************************

Circuit: Øving 2, Oppgave 4

Warning: premature EOF
Warning: parameter xl not supported; value ignored
Warning: parameter xw not supported; value ignored
Warning: Pd = 0 is less than W for mn1 in model nmos.
Warning: Ps = 0 is less than W for mn1 in model nmos.

