
                 *********************************************
                 *                                           *
                 *             A I M - S p i c e             *
                 *                                           *
                 *         Professional Version 2018.100           *
                 *                                           *
                 *********************************************

	Date: Fri Oct 19 14:25:08 2018
	Circuit File: Untitled
	Analysis: DC Operating Point

**************************  Circuit Description  **************************

     1:  excercie 4 2b)
     2:  
     3:  *.include C:\Users\Bruker\Documents\6_semester\Design_av_IC\Øving_4\p18_cmos_models_ss.inc
     4:  *.include C:\Users\Bruker\Documents\6_semester\Design_av_IC\Øving_4\p18_cmos_models_ff.inc
     5:  *include C:\Users\Bruker\Documents\6_semester\Design_av_IC\Øving_4\p18_cmos_models_tt.inc
     6:  .param proc_delta = 1
     7:  .param vt_shift = 0
     8:  *include p18_model_card.inc
     9:  * p18 model card
    10:  .MODEL NMOS NMOS  								
    11:  + VERSION	=	3.1						
    12:  + LEVEL	=	49	NOIMOD	=	1	TNOM	=	2.70E+01
    13:  + TOX	=	'4.1E-9/proc_delta'	XJ	=	1.00E-07	NCH	=	2.33E+17
    14:  + VTH0	=	'0.36+vt_shift'	K1	=	5.84E-01	K2	=	4.14E-03
    15:  + K3	=	1.01E-03	K3B	=	2.20E+00	W0	=	1.00E-07
    16:  + NLX	=	1.81E-07	DVT0W	=	0.00E+00	DVT1W	=	0.00E+00
    17:  + DVT2W	=	0.00E+00	DVT0	=	1.73E+00	DVT1	=	4.38E-01
    18:  + DVT2	=	-3.70E-04	U0	=	'260*proc_delta*proc_delta'	UA	=	-1.38E-09
    19:  + UB	=	2.26E-18	UC	=	5.46E-11	VSAT	=	1.03E+05
    20:  + A0	=	1.92E+00	AGS	=	4.20E-01	B0	=	-1.52E-09
    21:  + B1	=	-9.92E-08	KETA	=	-7.16E-03	A1	=	6.61E-04
    22:  + A2	=	8.89E-01	RDSW	=	1.12E+02	PRWG	=	4.92E-01
    23:  + PRWB	=	-2.02E-01	WR	=	1.00E+00	WINT	=	7.12E-09
    24:  + LINT	=	1.12E-08	XL	=	-2.00E-08	XW	=	-1.00E-08
    25:  + DWG	=	-3.82E-09	DWB	=	8.63E-09	VOFF	=	-8.82E-02
    26:  + NFACTOR	=	2.30E+00	CIT	=	0.00E+00	CDSC	=	2.40E-04
    27:  + CDSCD	=	0.00E+00	CDSCB	=	0.00E+00	ETA0	=	3.13E-03
    28:  + ETAB	=	1.00E+00	DSUB	=	2.25E-02	PCLM	=	7.20E-01
    29:  + PDIBLC1	=	2.15E-01	PDIBLC2	=	2.23E-03	PDIBLCB	=	1.00E-01
    30:  + DROUT	=	8.01E-01	PSCBE1	=	5.44E+08	PSCBE2	=	1.00E-03
    31:  + PVAG	=	1.00E-12	DELTA	=	1.00E-02	RSH	=	6.78E+00
    32:  + MOBMOD	=	1.00E+00	PRT	=	0.00E+00	UTE	=	-1.50E+00
    33:  + KT1	=	-1.10E-01	KT1L	=	0.00E+00	KT2	=	2.19E-02
    34:  + UA1	=	4.28E-09	UB1	=	-7.62E-18	UC1	=	-5.57E-11
    35:  + AT	=	3.30E+04	WL	=	0.00E+00	WLN	=	1.00E+00
    36:  + WW	=	0.00E+00	WWN	=	1.00E+00	WWL	=	0.00E+00
    37:  + LL	=	0.00E+00	LLN	=	1.00E+00	LW	=	0.00E+00
    38:  + LWN	=	1.00E+00	LWL	=	0.00E+00	CAPMOD	=	2.00E+00
    39:  + XPART	=	5.00E-01	CGDO	=	6.98E-10	CGSO	=	7.03E-10
    40:  + CGBO	=	1.00E-12	CJ	=	'9.8e-4/proc_delta'	PB	=	7.34E-01
    41:  + MJ	=	3.63E-01	CJSW	=	'2.4e-10/proc_delta'	PBSW	=	4.71E-01
    42:  + MJSW	=	1.00E-01	CJSWG	=	3.29E-10	PBSWG	=	4.66E-01
    43:  + MJSWG	=	1.00E-01	CF	=	0.00E+00	PVTH0	=	-7.16E-04
    44:  + PRDSW	=	-6.66E-01	PK2	=	5.92E-04	WKETA	=	2.14E-04
    45:  + LKETA	=	-1.51E-02	PU0	=	3.36E+00	PUA	=	-1.31E-11
    46:  + PUB	=	0.00E+00	PVSAT	=	1.25E+03	PETA0	=	1.00E-04
    47:  + PKETA	=	6.45E-04	KF	=	4.46E-29			
    48:  								
    49:  .MODEL PMOS PMOS  								
    50:  + VERSION	=	3.1						
    51:  + LEVEL	=	49	NOIMOD	=	1			
    52:  + TNOM	=	2.70E+01	TOX	=	'4.1E-9/proc_delta'	XJ	=	1.00E-07
    53:  + NCH	=	4.12E+17	VTH0	=	'-0.39-vt_shift'	K1	=	5.50E-01
    54:  + K2	=	3.50E-02	K3	=	0.00E+00	K3B	=	1.20E+01
    55:  + W0	=	1.00E-06	NLX	=	1.25E-07	DVT0W	=	0.00E+00
    56:  + DVT1W	=	0.00E+00	DVT2W	=	0.00E+00	DVT0	=	5.53E-01
    57:  + DVT1	=	2.46E-01	DVT2	=	1.00E-01	U0	=	'110*proc_delta*proc_delta'
    58:  + UA	=	1.44E-09	UB	=	2.29E-21	UC	=	-1.00E-10
    59:  + VSAT	=	1.95E+05	A0	=	1.72E+00	AGS	=	3.80E-01
    60:  + B0	=	5.87E-07	B1	=	1.44E-06	KETA	=	2.21E-02
    61:  + A1	=	4.66E-01	A2	=	3.00E-01	RDSW	=	3.11E+02
    62:  + PRWG	=	5.00E-01	PRWB	=	1.64E-02	WR	=	1.00E+00
    63:  + WINT	=	0.00E+00	LINT	=	2.00E-08	XL	=	-2.00E-08
    64:  + XW	=	-1.00E-08	DWG	=	-3.49E-08	DWB	=	1.22E-09
    65:  + VOFF	=	-9.80E-02	NFACTOR	=	2.00E+00	CIT	=	0.00E+00
    66:  + CDSC	=	2.40E-04	CDSCD	=	0.00E+00	CDSCB	=	0.00E+00
    67:  + ETA0	=	1.12E-03	ETAB	=	-4.79E-04	DSUB	=	1.60E-03
    68:  + PCLM	=	1.50E+00	PDIBLC1	=	3.00E-02	PDIBLC2	=	-1.01E-05
    69:  + PDIBLCB	=	1.00E-01	DROUT	=	1.56E-03	PSCBE1	=	4.91E+09
    70:  + PSCBE2	=	1.64E-09	PVAG	=	3.48E+00	DELTA	=	1.00E-02
    71:  + RSH	=	7.69E+00	MOBMOD	=	1.00E+00	PRT	=	0.00E+00
    72:  + UTE	=	-1.49E+00	KT1	=	-1.09E-01	KT1L	=	0.00E+00
    73:  + KT2	=	2.18E-02	UA1	=	4.27E-09	UB1	=	-7.68E-18
    74:  + UC1	=	-5.57E-11	AT	=	3.31E+04	WL	=	0.00E+00
    75:  + WLN	=	1.00E+00	WW	=	0.00E+00	WWN	=	1.00E+00
    76:  + WWL	=	0.00E+00	LL	=	0.00E+00	LLN	=	1.00E+00
    77:  + LW	=	0.00E+00	LWN	=	1.00E+00	LWL	=	0.00E+00
    78:  + CAPMOD	=	2.00E+00	XPART	=	5.00E-01	CGDO	=	6.88E-10
    79:  + CGSO	=	6.85E-10	CGBO	=	1.00E-12	CJ	=	'1.2e-3/proc_delta'
    80:  + PB	=	8.70E-01	MJ	=	4.20E-01	CJSW	=	'2.4e-10/proc_delta'
    81:  + PBSW	=	8.00E-01	MJSW	=	3.57E-01	CJSWG	=	4.24E-10
    82:  + PBSWG	=	8.00E-01	MJSWG	=	3.56E-01	CF	=	0.00E+00
    83:  + PVTH0	=	3.53E-03	PRDSW	=	1.02E+01	PK2	=	3.35E-03
    84:  + WKETA	=	3.52E-02	LKETA	=	-2.06E-03	PU0	=	-2.19E+00
    85:  + PUA	=	-7.63E-11	PUB	=	9.91E-22	PVSAT	=	5.00E+01
    86:  + PKETA	=	-6.41E-03	KF	=	1.29E-29	PETA0	=	7.31E-05
    87:  
    88:  *end of: p18_model_card.inc
    89:  *end of: C:\Users\Bruker\Documents\6_semester\Design_av_IC\Øving_4\p18_cmos_models_tt.inc
    90:  
    91:  *include C:\Users\Bruker\Documents\6_semester\Design_av_IC\Øving_4\p18_model_card.inc
    92:  * p18 model card
    93:  .MODEL NMOS NMOS  								
    94:  + VERSION	=	3.1						
    95:  + LEVEL	=	49	NOIMOD	=	1	TNOM	=	2.70E+01
    96:  + TOX	=	'4.1E-9/proc_delta'	XJ	=	1.00E-07	NCH	=	2.33E+17
    97:  + VTH0	=	'0.36+vt_shift'	K1	=	5.84E-01	K2	=	4.14E-03
    98:  + K3	=	1.01E-03	K3B	=	2.20E+00	W0	=	1.00E-07
    99:  + NLX	=	1.81E-07	DVT0W	=	0.00E+00	DVT1W	=	0.00E+00
   100:  + DVT2W	=	0.00E+00	DVT0	=	1.73E+00	DVT1	=	4.38E-01
   101:  + DVT2	=	-3.70E-04	U0	=	'260*proc_delta*proc_delta'	UA	=	-1.38E-09
   102:  + UB	=	2.26E-18	UC	=	5.46E-11	VSAT	=	1.03E+05
   103:  + A0	=	1.92E+00	AGS	=	4.20E-01	B0	=	-1.52E-09
   104:  + B1	=	-9.92E-08	KETA	=	-7.16E-03	A1	=	6.61E-04
   105:  + A2	=	8.89E-01	RDSW	=	1.12E+02	PRWG	=	4.92E-01
   106:  + PRWB	=	-2.02E-01	WR	=	1.00E+00	WINT	=	7.12E-09
   107:  + LINT	=	1.12E-08	XL	=	-2.00E-08	XW	=	-1.00E-08
   108:  + DWG	=	-3.82E-09	DWB	=	8.63E-09	VOFF	=	-8.82E-02
   109:  + NFACTOR	=	2.30E+00	CIT	=	0.00E+00	CDSC	=	2.40E-04
   110:  + CDSCD	=	0.00E+00	CDSCB	=	0.00E+00	ETA0	=	3.13E-03
   111:  + ETAB	=	1.00E+00	DSUB	=	2.25E-02	PCLM	=	7.20E-01
   112:  + PDIBLC1	=	2.15E-01	PDIBLC2	=	2.23E-03	PDIBLCB	=	1.00E-01
   113:  + DROUT	=	8.01E-01	PSCBE1	=	5.44E+08	PSCBE2	=	1.00E-03
   114:  + PVAG	=	1.00E-12	DELTA	=	1.00E-02	RSH	=	6.78E+00
   115:  + MOBMOD	=	1.00E+00	PRT	=	0.00E+00	UTE	=	-1.50E+00
   116:  + KT1	=	-1.10E-01	KT1L	=	0.00E+00	KT2	=	2.19E-02
   117:  + UA1	=	4.28E-09	UB1	=	-7.62E-18	UC1	=	-5.57E-11
   118:  + AT	=	3.30E+04	WL	=	0.00E+00	WLN	=	1.00E+00
   119:  + WW	=	0.00E+00	WWN	=	1.00E+00	WWL	=	0.00E+00
   120:  + LL	=	0.00E+00	LLN	=	1.00E+00	LW	=	0.00E+00
   121:  + LWN	=	1.00E+00	LWL	=	0.00E+00	CAPMOD	=	2.00E+00
   122:  + XPART	=	5.00E-01	CGDO	=	6.98E-10	CGSO	=	7.03E-10
   123:  + CGBO	=	1.00E-12	CJ	=	'9.8e-4/proc_delta'	PB	=	7.34E-01
   124:  + MJ	=	3.63E-01	CJSW	=	'2.4e-10/proc_delta'	PBSW	=	4.71E-01
   125:  + MJSW	=	1.00E-01	CJSWG	=	3.29E-10	PBSWG	=	4.66E-01
   126:  + MJSWG	=	1.00E-01	CF	=	0.00E+00	PVTH0	=	-7.16E-04
   127:  + PRDSW	=	-6.66E-01	PK2	=	5.92E-04	WKETA	=	2.14E-04
   128:  + LKETA	=	-1.51E-02	PU0	=	3.36E+00	PUA	=	-1.31E-11
   129:  + PUB	=	0.00E+00	PVSAT	=	1.25E+03	PETA0	=	1.00E-04
   130:  + PKETA	=	6.45E-04	KF	=	4.46E-29			
   131:  								
   132:  .MODEL PMOS PMOS  								
   133:  + VERSION	=	3.1						
   134:  + LEVEL	=	49	NOIMOD	=	1			
   135:  + TNOM	=	2.70E+01	TOX	=	'4.1E-9/proc_delta'	XJ	=	1.00E-07
   136:  + NCH	=	4.12E+17	VTH0	=	'-0.39-vt_shift'	K1	=	5.50E-01
   137:  + K2	=	3.50E-02	K3	=	0.00E+00	K3B	=	1.20E+01
   138:  + W0	=	1.00E-06	NLX	=	1.25E-07	DVT0W	=	0.00E+00
   139:  + DVT1W	=	0.00E+00	DVT2W	=	0.00E+00	DVT0	=	5.53E-01
   140:  + DVT1	=	2.46E-01	DVT2	=	1.00E-01	U0	=	'110*proc_delta*proc_delta'
   141:  + UA	=	1.44E-09	UB	=	2.29E-21	UC	=	-1.00E-10
   142:  + VSAT	=	1.95E+05	A0	=	1.72E+00	AGS	=	3.80E-01
   143:  + B0	=	5.87E-07	B1	=	1.44E-06	KETA	=	2.21E-02
   144:  + A1	=	4.66E-01	A2	=	3.00E-01	RDSW	=	3.11E+02
   145:  + PRWG	=	5.00E-01	PRWB	=	1.64E-02	WR	=	1.00E+00
   146:  + WINT	=	0.00E+00	LINT	=	2.00E-08	XL	=	-2.00E-08
   147:  + XW	=	-1.00E-08	DWG	=	-3.49E-08	DWB	=	1.22E-09
   148:  + VOFF	=	-9.80E-02	NFACTOR	=	2.00E+00	CIT	=	0.00E+00
   149:  + CDSC	=	2.40E-04	CDSCD	=	0.00E+00	CDSCB	=	0.00E+00
   150:  + ETA0	=	1.12E-03	ETAB	=	-4.79E-04	DSUB	=	1.60E-03
   151:  + PCLM	=	1.50E+00	PDIBLC1	=	3.00E-02	PDIBLC2	=	-1.01E-05
   152:  + PDIBLCB	=	1.00E-01	DROUT	=	1.56E-03	PSCBE1	=	4.91E+09
   153:  + PSCBE2	=	1.64E-09	PVAG	=	3.48E+00	DELTA	=	1.00E-02
   154:  + RSH	=	7.69E+00	MOBMOD	=	1.00E+00	PRT	=	0.00E+00
   155:  + UTE	=	-1.49E+00	KT1	=	-1.09E-01	KT1L	=	0.00E+00
   156:  + KT2	=	2.18E-02	UA1	=	4.27E-09	UB1	=	-7.68E-18
   157:  + UC1	=	-5.57E-11	AT	=	3.31E+04	WL	=	0.00E+00
   158:  + WLN	=	1.00E+00	WW	=	0.00E+00	WWN	=	1.00E+00
   159:  + WWL	=	0.00E+00	LL	=	0.00E+00	LLN	=	1.00E+00
   160:  + LW	=	0.00E+00	LWN	=	1.00E+00	LWL	=	0.00E+00
   161:  + CAPMOD	=	2.00E+00	XPART	=	5.00E-01	CGDO	=	6.88E-10
   162:  + CGSO	=	6.85E-10	CGBO	=	1.00E-12	CJ	=	'1.2e-3/proc_delta'
   163:  + PB	=	8.70E-01	MJ	=	4.20E-01	CJSW	=	'2.4e-10/proc_delta'
   164:  + PBSW	=	8.00E-01	MJSW	=	3.57E-01	CJSWG	=	4.24E-10
   165:  + PBSWG	=	8.00E-01	MJSWG	=	3.56E-01	CF	=	0.00E+00
   166:  + PVTH0	=	3.53E-03	PRDSW	=	1.02E+01	PK2	=	3.35E-03
   167:  + WKETA	=	3.52E-02	LKETA	=	-2.06E-03	PU0	=	-2.19E+00
   168:  + PUA	=	-7.63E-11	PUB	=	9.91E-22	PVSAT	=	5.00E+01
   169:  + PKETA	=	-6.41E-03	KF	=	1.29E-29	PETA0	=	7.31E-05
   170:  
   171:  *end of: C:\Users\Bruker\Documents\6_semester\Design_av_IC\Øving_4\p18_model_card.inc
   172:  
   173:  *MN1 DRAIN GATE SOURCE BULK WIDTH LENGTH
   174:  .param wn={0.9U}
   175:  .param L={0.18U}
   176:  .param wp={k*wn}
   177:  .param k=3.57
   178:  
   179:  VDD vdd 0 dc 1.8v
   180:  VIN Vin 0 dc 0.9v
   181:  
   182:  MP1 t Vin vdd vdd PMOS L=0.18u W=wp
   183:  MN1 t Vin 0 0 NMOS L=0.18u W=wn
   184:  .op

***************************  Model Parameters  ****************************


***************  Device Parameters (Only for .op analysis)  ***************

Device mn1:
	Vgs     (gate-source voltage)        [V] : 0.899244
	Vgd     (gate-drain voltage)         [V] : -0.000301566
	Vds     (drain-source voltage)       [V] : 0.899545
	Vbs     (bulk-source voltage)        [V] : -0.000756236
	Vbd     (bulk-drain voltage)         [V] : -0.900302
	Id      (drain current)              [A] : 0.000111499
	Is      (source current)             [A] : -0.000111499
	Ibd     (bulk-drain current)         [A] : -9.00302e-13
	Ibs     (bulk-source current)        [A] : -7.56236e-16
	Vt      (threshold voltage)          [V] : 0.465809
	Vgt     (gate overdrive voltage)     [V] : 0.433435
	Vgsteff (effective vgt)              [V] : 0.43189
	Gm      (transconductance)           [S] : 0.000393838
	Gmb     (bulk bias transconductance) [S] : 0.00104333
	Ueff    (mobility)             [cm^2/Vs] : 373.878
	Gds     (channel conductance)        [S] : 1.57523e-05
	Rds     (output resistance)        [Ohm] : 63482.8
	Vdsat   (drain saturation voltage)   [V] : 0.264084
	IC      (inversion coefficient)       [] : 37.1772
	Cgs     (gate-source capacitance)    [F] : 3.97616e-15
	Csg     (source-gate capacitance)    [F] : 6.22689e-16
	Cgd     (gate-drain capacitance)     [F] : 6.10174e-16
	Cdg     (drain-gate capacitance)     [F] : 1.01058e-15
	Cds     (drain-source capacitance)   [F] : 1.45108e-15
	Cgg     (gate-gate capacitance)      [F] : 1.00886e-15
	Cdd     (drain-drain capacitance)    [F] : 1.00886e-15
	Cgb     (gate-bulk capacitance)      [F] : 2.24209e-16
	Cbs     (bulk-source capacitance)    [F] : 2.91368e-16
	Cbd     (bulk-drain capacitance)     [F] : 2.61695e-16

Device mp1:
	Vgs     (gate-source voltage)        [V] : -0.899142
	Vgd     (gate-drain voltage)         [V] : -0.00191554
	Vds     (drain-source voltage)       [V] : -0.897227
	Vbs     (bulk-source voltage)        [V] : 0.000857736
	Vbd     (bulk-drain voltage)         [V] : 0.898084
	Id      (drain current)              [A] : -0.0001115
	Is      (source current)             [A] : 0.0001115
	Ibd     (bulk-drain current)         [A] : -8.98084e-13
	Ibs     (bulk-source current)        [A] : -8.57736e-16
	Vt      (threshold voltage)          [V] : -0.493119
	Vgt     (gate overdrive voltage)     [V] : -0.406023
	Vgsteff (effective vgt)              [V] : -0.404269
	Gm      (transconductance)           [S] : 0.000449316
	Gmb     (bulk bias transconductance) [S] : 0.000141122
	Ueff    (mobility)             [cm^2/Vs] : 73.447
	Gds     (channel conductance)        [S] : 2.48005e-05
	Rds     (output resistance)        [Ohm] : 40321.8
	Vdsat   (drain saturation voltage)   [V] : -0.325805
	IC      (inversion coefficient)       [] : 50.4837
	Cgs     (gate-source capacitance)    [F] : 5.39018e-15
	Csg     (source-gate capacitance)    [F] : 2.20091e-15
	Cgd     (gate-drain capacitance)     [F] : 2.199e-15
	Cdg     (drain-gate capacitance)     [F] : 3.47462e-15
	Cds     (drain-source capacitance)   [F] : 1.65684e-15
	Cgg     (gate-gate capacitance)      [F] : 3.26358e-15
	Cdd     (drain-drain capacitance)    [F] : 3.26358e-15
	Cgb     (gate-bulk capacitance)      [F] : 7.35431e-16
	Cbs     (bulk-source capacitance)    [F] : 1.36179e-15
	Cbd     (bulk-drain capacitance)     [F] : 1.0421e-15



**************  Options (Only those different from default)  **************



*************************  Simulation Statistics  *************************

	Total number of iterations...........: 8
	Total analysis time (sec)............: 0
	Time spent in device loading (sec)...: 0
	Time spent in L-U decomposition (sec): 0
	Time spent in matrix reordering (sec): 0
	Time spent in matrix solving (sec)...: 0

***************************  Kernel Messages  *****************************

Circuit: excercie 4 2b)

Warning: premature EOF
Warning: parameter xl not supported; value ignored
Warning: parameter xw not supported; value ignored
Warning: parameter xl not supported; value ignored
Warning: parameter xw not supported; value ignored
Warning: Pd = 0 is less than W for mn1 in model nmos.
Warning: Ps = 0 is less than W for mn1 in model nmos.
Warning: Pd = 0 is less than W for mp1 in model pmos.
Warning: Ps = 0 is less than W for mp1 in model pmos.

